<?xml version="1.0" encoding="UTF-8"?>
<!-- Generated by org.testng.reporters.JUnitXMLReporter -->
<testsuite hostname="codeLover.local" ignored="0" name="Test" tests="5" failures="1" timestamp="19 Dec 2018 04:11:15 GMT" time="11.155" errors="0">
  <testcase name="test1" time="10.718" classname="testSuite.Client"/>
  <testcase name="test2" time="0.083" classname="testSuite.Client"/>
  <testcase name="test3" time="0.127" classname="testSuite.Client"/>
  <testcase name="test4" time="0.078" classname="testSuite.Client"/>
  <testcase name="testO" time="0.064" classname="testSuite.Client">
    <failure type="java.lang.AssertionError" message="expected:&amp;lt;401&amp;gt; but was:&amp;lt;200&amp;gt;">
      <![CDATA[java.lang.AssertionError: expected:<401> but was:<200>at testSuite.Client.testO(Client.java:20)... Removed 30 stack frames]]>
    </failure>
  </testcase> <!-- testO -->
</testsuite> <!-- Test -->
