<?xml version="1.0" encoding="UTF-8"?>
<testng-results skipped="0" failed="0" ignored="0" total="5" passed="5">
  <reporter-output>
  </reporter-output>
  <suite name="Default suite" duration-ms="8411" started-at="2018-01-11T03:07:37Z" finished-at="2018-01-11T03:07:46Z">
    <groups>
    </groups>
    <test name="Default test" duration-ms="8411" started-at="2018-01-11T03:07:37Z" finished-at="2018-01-11T03:07:46Z">
      <class name="com.API.COM.Bother">
        <test-method status="PASS" signature="test1()[pri:0, instance:com.API.COM.Bother@363f0ba0]" name="test1" duration-ms="8059" started-at="2018-01-10T22:07:37Z" finished-at="2018-01-10T22:07:45Z">
          <reporter-output>
          </reporter-output>
        </test-method> <!-- test1 -->
        <test-method status="PASS" signature="test2()[pri:0, instance:com.API.COM.Bother@363f0ba0]" name="test2" duration-ms="46" started-at="2018-01-10T22:07:45Z" finished-at="2018-01-10T22:07:46Z">
          <reporter-output>
          </reporter-output>
        </test-method> <!-- test2 -->
        <test-method status="PASS" signature="test3()[pri:0, instance:com.API.COM.Bother@363f0ba0]" name="test3" duration-ms="103" started-at="2018-01-10T22:07:46Z" finished-at="2018-01-10T22:07:46Z">
          <reporter-output>
          </reporter-output>
        </test-method> <!-- test3 -->
        <test-method status="PASS" signature="test4()[pri:0, instance:com.API.COM.Bother@363f0ba0]" name="test4" duration-ms="79" started-at="2018-01-10T22:07:46Z" finished-at="2018-01-10T22:07:46Z">
          <reporter-output>
          </reporter-output>
        </test-method> <!-- test4 -->
        <test-method status="PASS" signature="testO()[pri:0, instance:com.API.COM.Bother@363f0ba0]" name="testO" duration-ms="45" started-at="2018-01-10T22:07:46Z" finished-at="2018-01-10T22:07:46Z">
          <reporter-output>
          </reporter-output>
        </test-method> <!-- testO -->
      </class> <!-- com.API.COM.Bother -->
    </test> <!-- Default test -->
  </suite> <!-- Default suite -->
</testng-results>
